  window.cpp
  texture.cpp
  rt3dObjLoader.cpp
d:\university\year 3\agpindividualcoursework\agpindividualcoursework - implementation\agpindividualcoursework\rt3dobjloader.cpp(196): warning C4018: '<': signed/unsigned mismatch
d:\university\year 3\agpindividualcoursework\agpindividualcoursework - implementation\agpindividualcoursework\rt3dobjloader.cpp(134): warning C4101: 'z': unreferenced local variable
d:\university\year 3\agpindividualcoursework\agpindividualcoursework - implementation\agpindividualcoursework\rt3dobjloader.cpp(134): warning C4101: 'y': unreferenced local variable
d:\university\year 3\agpindividualcoursework\agpindividualcoursework - implementation\agpindividualcoursework\rt3dobjloader.cpp(134): warning C4101: 'x': unreferenced local variable
  rt3d.cpp
  move.cpp
  meshObject.cpp
  main.cpp
d:\university\year 3\agpindividualcoursework\agpindividualcoursework - implementation\agpindividualcoursework\main.cpp(128): warning C4305: '+=': truncation from 'double' to 'float'
d:\university\year 3\agpindividualcoursework\agpindividualcoursework - implementation\agpindividualcoursework\main.cpp(129): warning C4305: '-=': truncation from 'double' to 'float'
d:\university\year 3\agpindividualcoursework\agpindividualcoursework - implementation\agpindividualcoursework\main.cpp(138): warning C4305: '+=': truncation from 'double' to 'float'
d:\university\year 3\agpindividualcoursework\agpindividualcoursework - implementation\agpindividualcoursework\main.cpp(139): warning C4305: '-=': truncation from 'double' to 'float'
d:\university\year 3\agpindividualcoursework\agpindividualcoursework - implementation\agpindividualcoursework\main.cpp(146): warning C4305: '+=': truncation from 'double' to 'float'
d:\university\year 3\agpindividualcoursework\agpindividualcoursework - implementation\agpindividualcoursework\main.cpp(147): warning C4305: '-=': truncation from 'double' to 'float'
d:\university\year 3\agpindividualcoursework\agpindividualcoursework - implementation\agpindividualcoursework\main.cpp(150): warning C4305: '+=': truncation from 'double' to 'GLfloat'
d:\university\year 3\agpindividualcoursework\agpindividualcoursework - implementation\agpindividualcoursework\main.cpp(151): warning C4305: '-=': truncation from 'double' to 'GLfloat'
  cubemap.cpp
  bitmap.cpp
  Generating Code...
LINK : warning LNK4031: no subsystem specified; CONSOLE assumed
  AGPIndividualCoursework.vcxproj -> D:\University\Year 3\AGPIndividualCoursework\AGPIndividualCoursework - Implementation\Debug\AGPIndividualCoursework.exe
