d:\university\year 3\advanced graphics programming\individual coursework\agpindividualcoursework - implementation\agpindividualcoursework\debug\vc141.pdb
d:\university\year 3\advanced graphics programming\individual coursework\agpindividualcoursework - implementation\agpindividualcoursework\debug\vc141.idb
d:\university\year 3\advanced graphics programming\individual coursework\agpindividualcoursework - implementation\agpindividualcoursework\debug\bitmap.obj
d:\university\year 3\advanced graphics programming\individual coursework\agpindividualcoursework - implementation\agpindividualcoursework\debug\cubemap.obj
d:\university\year 3\advanced graphics programming\individual coursework\agpindividualcoursework - implementation\agpindividualcoursework\debug\main.obj
d:\university\year 3\advanced graphics programming\individual coursework\agpindividualcoursework - implementation\agpindividualcoursework\debug\meshobject.obj
d:\university\year 3\advanced graphics programming\individual coursework\agpindividualcoursework - implementation\agpindividualcoursework\debug\move.obj
d:\university\year 3\advanced graphics programming\individual coursework\agpindividualcoursework - implementation\agpindividualcoursework\debug\rt3d.obj
d:\university\year 3\advanced graphics programming\individual coursework\agpindividualcoursework - implementation\agpindividualcoursework\debug\rt3dobjloader.obj
d:\university\year 3\advanced graphics programming\individual coursework\agpindividualcoursework - implementation\agpindividualcoursework\debug\texture.obj
d:\university\year 3\advanced graphics programming\individual coursework\agpindividualcoursework - implementation\agpindividualcoursework\debug\window.obj
d:\university\year 3\advanced graphics programming\individual coursework\agpindividualcoursework - implementation\debug\agpindividualcoursework.ilk
d:\university\year 3\advanced graphics programming\individual coursework\agpindividualcoursework - implementation\debug\agpindividualcoursework.exe
d:\university\year 3\advanced graphics programming\individual coursework\agpindividualcoursework - implementation\debug\agpindividualcoursework.pdb
d:\university\year 3\advanced graphics programming\individual coursework\agpindividualcoursework - implementation\agpindividualcoursework\debug\agpindiv.28a72130.tlog\cl.command.1.tlog
d:\university\year 3\advanced graphics programming\individual coursework\agpindividualcoursework - implementation\agpindividualcoursework\debug\agpindiv.28a72130.tlog\cl.read.1.tlog
d:\university\year 3\advanced graphics programming\individual coursework\agpindividualcoursework - implementation\agpindividualcoursework\debug\agpindiv.28a72130.tlog\cl.write.1.tlog
d:\university\year 3\advanced graphics programming\individual coursework\agpindividualcoursework - implementation\agpindividualcoursework\debug\agpindiv.28a72130.tlog\link.command.1.tlog
d:\university\year 3\advanced graphics programming\individual coursework\agpindividualcoursework - implementation\agpindividualcoursework\debug\agpindiv.28a72130.tlog\link.read.1.tlog
d:\university\year 3\advanced graphics programming\individual coursework\agpindividualcoursework - implementation\agpindividualcoursework\debug\agpindiv.28a72130.tlog\link.write.1.tlog
